Sender/app/build/outputs/logs/manifest-merger-debug-report.txt
-- Merging decision tree log ---
manifest
ADDED from src\main\AndroidManifest.xml:2:1-34:12
	package
		ADDED from src\main\AndroidManifest.xml:3:2-46
	android:versionName
		ADDED from src\main\AndroidManifest.xml:6:2-27
		INJECTED from src\main\AndroidManifest.xml
		INJECTED from src\main\AndroidManifest.xml
	android:versionCode
		ADDED from src\main\AndroidManifest.xml:5:2-25
		INJECTED from src\main\AndroidManifest.xml
		INJECTED from src\main\AndroidManifest.xml
	xmlns:android
		ADDED from src\main\AndroidManifest.xml:2:11-69
	android:installLocation
		ADDED from src\main\AndroidManifest.xml:4:2-42
uses-permission#android.permission.READ_CONTACTS
ADDED from src\main\AndroidManifest.xml:8:2-68
	android:name
		ADDED from src\main\AndroidManifest.xml:8:19-66
uses-permission#android.permission.SEND_SMS
ADDED from src\main\AndroidManifest.xml:9:2-63
	android:name
		ADDED from src\main\AndroidManifest.xml:9:19-61
uses-sdk
ADDED from src\main\AndroidManifest.xml:11:2-13:34
	android:targetSdkVersion
		ADDED from src\main\AndroidManifest.xml:13:3-32
	android:minSdkVersion
		ADDED from src\main\AndroidManifest.xml:12:3-28
supports-screens
ADDED from src\main\AndroidManifest.xml:15:2-18:33
	android:largeScreens
		ADDED from src\main\AndroidManifest.xml:16:3-30
	android:smallScreens
		ADDED from src\main\AndroidManifest.xml:18:3-31
	android:normalScreens
		ADDED from src\main\AndroidManifest.xml:17:3-31
application
ADDED from src\main\AndroidManifest.xml:20:2-32:16
	android:label
		ADDED from src\main\AndroidManifest.xml:22:3-35
	android:icon
		ADDED from src\main\AndroidManifest.xml:21:3-39
activity#com.commonsware.android.sms.sender.Sender
ADDED from src\main\AndroidManifest.xml:23:3-31:14
	android:label
		ADDED from src\main\AndroidManifest.xml:25:4-36
	android:name
		ADDED from src\main\AndroidManifest.xml:24:4-25
intent-filter#android.intent.action.MAIN+android.intent.category.LAUNCHER
ADDED from src\main\AndroidManifest.xml:26:4-30:20
action#android.intent.action.MAIN
ADDED from src\main\AndroidManifest.xml:27:5-56
	android:name
		ADDED from src\main\AndroidManifest.xml:27:13-54
category#android.intent.category.LAUNCHER
ADDED from src\main\AndroidManifest.xml:29:5-64
	android:name
		ADDED from src\main\AndroidManifest.xml:29:15-62